<?xml version="1.0" encoding="UTF-8"?>
<testsuite xmlns:xsi="http://www.w3.org/2001/XMLSchema-instance" xsi:noNamespaceSchemaLocation="https://maven.apache.org/surefire/maven-surefire-plugin/xsd/surefire-test-report-3.0.xsd" version="3.0" name="com.example.dochat.DochatApplicationTests" time="20.3" tests="1" errors="0" skipped="0" failures="0">
  <properties>
[...]
</properties>
  <testcase name="contextLoads" classname="com.example.dochat.DochatApplicationTests" time="0.582">
    <system-out><![CDATA[Standard Commons Logging discovery in action with spring-jcl: please remove commons-logging.jar from classpath in order to avoid potential conflicts
17:34:00.750 [main] INFO org.springframework.test.context.support.AnnotationConfigContextLoaderUtils -- Could not detect default configuration classes for test class [com.example.dochat.DochatApplicationTests]: DochatApplicationTests does not declare any static, non-private, non-final, nested classes annotated with @Configuration.
17:34:00.868 [main] INFO org.springframework.boot.test.context.SpringBootTestContextBootstrapper -- Found @SpringBootConfiguration com.example.dochat.DochatApplication for test class com.example.dochat.DochatApplicationTests

  .   ____          _            __ _ _
 /\\ / ___'_ __ _ _(_)_ __  __ _ \ \ \ \
( ( )\___ | '_ | '_| | '_ \/ _` | \ \ \ \
 \\/  ___)| |_)| | | | | || (_| |  ) ) ) )
  '  |____| .__|_| |_|_| |_\__, | / / / /
 =========|_|==============|___/=/_/_/_/

 :: Spring Boot ::                (v3.3.4)

2026-05-25T17:34:01.547+05:30  INFO 14808 --- [dochat] [           main] c.example.dochat.DochatApplicationTests  : Starting DochatApplicationTests using Java 22.0.1 with PID 14808 (started by karthik in C:\Users\karthik\Desktop\Projects\dochat\dochat-backend)
2026-05-25T17:34:01.549+05:30  INFO 14808 --- [dochat] [           main] c.example.dochat.DochatApplicationTests  : The following 1 profile is active: "dev"
2026-05-25T17:34:03.697+05:30  INFO 14808 --- [dochat] [           main] .s.d.r.c.RepositoryConfigurationDelegate : Multiple Spring Data modules found, entering strict repository configuration mode
2026-05-25T17:34:03.704+05:30  INFO 14808 --- [dochat] [           main] .s.d.r.c.RepositoryConfigurationDelegate : Bootstrapping Spring Data JPA repositories in DEFAULT mode.
2026-05-25T17:34:04.056+05:30  INFO 14808 --- [dochat] [           main] .s.d.r.c.RepositoryConfigurationDelegate : Finished Spring Data repository scanning in 324 ms. Found 4 JPA repository interfaces.
2026-05-25T17:34:04.092+05:30  INFO 14808 --- [dochat] [           main] .s.d.r.c.RepositoryConfigurationDelegate : Multiple Spring Data modules found, entering strict repository configuration mode
2026-05-25T17:34:04.095+05:30  INFO 14808 --- [dochat] [           main] .s.d.r.c.RepositoryConfigurationDelegate : Bootstrapping Spring Data Redis repositories in DEFAULT mode.
2026-05-25T17:34:04.142+05:30  INFO 14808 --- [dochat] [           main] .RepositoryConfigurationExtensionSupport : Spring Data Redis - Could not safely identify store assignment for repository candidate interface com.example.dochat.auth.repository.UserRepository; If you want this repository to be a Redis repository, consider annotating your entities with one of these annotations: org.springframework.data.redis.core.RedisHash (preferred), or consider extending one of the following types with your repository: org.springframework.data.keyvalue.repository.KeyValueRepository
2026-05-25T17:34:04.142+05:30  INFO 14808 --- [dochat] [           main] .RepositoryConfigurationExtensionSupport : Spring Data Redis - Could not safely identify store assignment for repository candidate interface com.example.dochat.chat.repository.ChatMessageRepository; If you want this repository to be a Redis repository, consider annotating your entities with one of these annotations: org.springframework.data.redis.core.RedisHash (preferred), or consider extending one of the following types with your repository: org.springframework.data.keyvalue.repository.KeyValueRepository
2026-05-25T17:34:04.143+05:30  INFO 14808 --- [dochat] [           main] .RepositoryConfigurationExtensionSupport : Spring Data Redis - Could not safely identify store assignment for repository candidate interface com.example.dochat.chat.repository.ChatSessionRepository; If you want this repository to be a Redis repository, consider annotating your entities with one of these annotations: org.springframework.data.redis.core.RedisHash (preferred), or consider extending one of the following types with your repository: org.springframework.data.keyvalue.repository.KeyValueRepository
2026-05-25T17:34:04.143+05:30  INFO 14808 --- [dochat] [           main] .RepositoryConfigurationExtensionSupport : Spring Data Redis - Could not safely identify store assignment for repository candidate interface com.example.dochat.document.repository.DocumentRepository; If you want this repository to be a Redis repository, consider annotating your entities with one of these annotations: org.springframework.data.redis.core.RedisHash (preferred), or consider extending one of the following types with your repository: org.springframework.data.keyvalue.repository.KeyValueRepository
2026-05-25T17:34:04.143+05:30  INFO 14808 --- [dochat] [           main] .s.d.r.c.RepositoryConfigurationDelegate : Finished Spring Data repository scanning in 21 ms. Found 0 Redis repository interfaces.
2026-05-25T17:34:06.423+05:30  INFO 14808 --- [dochat] [           main] com.zaxxer.hikari.HikariDataSource       : HikariPool-1 - Starting...
2026-05-25T17:34:07.055+05:30  INFO 14808 --- [dochat] [           main] com.zaxxer.hikari.pool.HikariPool        : HikariPool-1 - Added connection org.postgresql.jdbc.PgConnection@17d19538
2026-05-25T17:34:07.065+05:30  INFO 14808 --- [dochat] [           main] com.zaxxer.hikari.HikariDataSource       : HikariPool-1 - Start completed.
2026-05-25T17:34:07.183+05:30  INFO 14808 --- [dochat] [           main] org.flywaydb.core.FlywayExecutor         : Database: jdbc:postgresql://localhost:5432/dochat (PostgreSQL 18.3)
2026-05-25T17:34:07.239+05:30  WARN 14808 --- [dochat] [           main] o.f.c.internal.database.base.Database    : Flyway upgrade recommended: PostgreSQL 18.3 is newer than this version of Flyway and support has not been tested. The latest supported version of PostgreSQL is 16.
2026-05-25T17:34:07.549+05:30  INFO 14808 --- [dochat] [           main] o.f.core.internal.command.DbValidate     : Successfully validated 3 migrations (execution time 00:00.224s)
2026-05-25T17:34:07.627+05:30  INFO 14808 --- [dochat] [           main] o.f.core.internal.command.DbMigrate      : Current version of schema "public": 3
2026-05-25T17:34:07.648+05:30  INFO 14808 --- [dochat] [           main] o.f.core.internal.command.DbMigrate      : Schema "public" is up to date. No migration necessary.
2026-05-25T17:34:10.183+05:30  INFO 14808 --- [dochat] [           main] o.hibernate.jpa.internal.util.LogHelper  : HHH000204: Processing PersistenceUnitInfo [name: default]
2026-05-25T17:34:10.957+05:30  INFO 14808 --- [dochat] [           main] org.hibernate.Version                    : HHH000412: Hibernate ORM core version 6.5.3.Final
2026-05-25T17:34:11.093+05:30  INFO 14808 --- [dochat] [           main] o.h.c.internal.RegionFactoryInitiator    : HHH000026: Second-level cache disabled
2026-05-25T17:34:11.764+05:30  INFO 14808 --- [dochat] [           main] o.s.o.j.p.SpringPersistenceUnitInfo      : No LoadTimeWeaver setup: ignoring JPA class transformer
2026-05-25T17:34:13.312+05:30  INFO 14808 --- [dochat] [           main] o.h.e.t.j.p.i.JtaPlatformInitiator       : HHH000489: No JTA platform available (set 'hibernate.transaction.jta.platform' to enable JTA platform integration)
2026-05-25T17:34:13.315+05:30  INFO 14808 --- [dochat] [           main] j.LocalContainerEntityManagerFactoryBean : Initialized JPA EntityManagerFactory for persistence unit 'default'
2026-05-25T17:34:14.302+05:30  INFO 14808 --- [dochat] [           main] eAuthenticationProviderManagerConfigurer : Global AuthenticationManager configured with AuthenticationProvider bean with name authenticationProvider
2026-05-25T17:34:14.303+05:30  WARN 14808 --- [dochat] [           main] r$InitializeUserDetailsManagerConfigurer : Global AuthenticationManager configured with an AuthenticationProvider bean. UserDetailsService beans will not be used for username/password login. Consider removing the AuthenticationProvider bean. Alternatively, consider using the UserDetailsService in a manually instantiated DaoAuthenticationProvider.
2026-05-25T17:34:15.993+05:30  INFO 14808 --- [dochat] [           main] o.s.a.v.pgvector.PgVectorStore           : Using the vector table name: vector_store. Is empty: false
2026-05-25T17:34:16.003+05:30  INFO 14808 --- [dochat] [           main] o.s.a.v.pgvector.PgVectorStore           : Initializing PGVectorStore schema for table: vector_store in schema: public
2026-05-25T17:34:16.004+05:30  INFO 14808 --- [dochat] [           main] o.s.a.v.pgvector.PgVectorStore           : vectorTableValidationsEnabled false
2026-05-25T17:34:16.125+05:30 DEBUG 14808 --- [dochat] [           main] o.s.a.m.t.a.ToolCallingAutoConfiguration : Cannot load class: org.springframework.security.oauth2.client.ClientAuthorizationException
2026-05-25T17:34:17.609+05:30  INFO 14808 --- [dochat] [           main] o.s.b.a.e.web.EndpointLinksResolver      : Exposing 3 endpoints beneath base path '/actuator'
2026-05-25T17:34:17.746+05:30 DEBUG 14808 --- [dochat] [           main] o.s.s.web.DefaultSecurityFilterChain     : Will secure any request with filters: DisableEncodeUrlFilter, WebAsyncManagerIntegrationFilter, SecurityContextHolderFilter, HeaderWriterFilter, CorsFilter, LogoutFilter, JwtAuthFilter, RequestCacheAwareFilter, SecurityContextHolderAwareRequestFilter, AnonymousAuthenticationFilter, SessionManagementFilter, ExceptionTranslationFilter, AuthorizationFilter
2026-05-25T17:34:20.131+05:30  INFO 14808 --- [dochat] [           main] c.example.dochat.DochatApplicationTests  : Started DochatApplicationTests in 19.098 seconds (process running for 20.275)
]]></system-out>
    <system-err><![CDATA[WARNING: A Java agent has been loaded dynamically (C:\Users\karthik\.m2\repository\net\bytebuddy\byte-buddy-agent\1.14.19\byte-buddy-agent-1.14.19.jar)
WARNING: If a serviceability tool is in use, please run with -XX:+EnableDynamicAgentLoading to hide this warning
WARNING: If a serviceability tool is not in use, please run with -Djdk.instrument.traceUsage for more information
WARNING: Dynamic loading of agents will be disallowed by default in a future release
]]></system-err>
  </testcase>
</testsuite>